<?xml version="1.0" encoding="UTF-8"?>
<!-- Generated by org.testng.reporters.JUnitReportReporter -->
<testsuite hostname="DESKTOP-J4SRGEC" failures="0" tests="1" name="demo_project.asseration" time="0.035" errors="0" timestamp="2024-06-24T13:36:48 IST" skipped="0">
  <testcase classname="demo_project.asseration" name="testmethod3" time="0.035"/>
  <system-out/>
</testsuite> <!-- demo_project.asseration -->
