<?xml version="1.0" encoding="UTF-8"?>
<!-- Generated by org.testng.reporters.JUnitReportReporter -->
<testsuite hostname="DESKTOP-J4SRGEC" failures="0" tests="1" name="demo_project.iframes" time="2.567" errors="0" timestamp="2024-06-24T17:55:34 IST" skipped="0">
  <testcase classname="demo_project.iframes" name="testmethod1" time="2.567"/>
  <system-out/>
</testsuite> <!-- demo_project.iframes -->
