<?xml version="1.0" encoding="UTF-8"?>
<!-- Generated by org.testng.reporters.JUnitReportReporter -->
<testsuite hostname="DESKTOP-J4SRGEC" failures="0" tests="2" name="demo_project.groups" time="0.032" errors="0" timestamp="2024-06-28T12:52:37 IST" skipped="0">
  <testcase classname="demo_project.groups" name="tc3" time="0.030"/>
  <system-out/>
  <testcase classname="demo_project.groups" name="tc4" time="0.002"/>
  <system-out/>
</testsuite> <!-- demo_project.groups -->
