<?xml version="1.0" encoding="UTF-8"?>
<!-- Generated by org.testng.reporters.JUnitReportReporter -->
<testsuite hostname="DESKTOP-J4SRGEC" failures="0" tests="1" name="demo_project.dyanmicdropdown" time="4.542" errors="0" timestamp="2024-06-28T17:29:51 IST" skipped="0">
  <testcase classname="demo_project.dyanmicdropdown" name="dynamicdropdown" time="4.542"/>
  <system-out/>
</testsuite> <!-- demo_project.dyanmicdropdown -->
