<?xml version="1.0" encoding="UTF-8"?>
<!-- Generated by org.testng.reporters.JUnitReportReporter -->
<testsuite hostname="DESKTOP-J4SRGEC" failures="0" tests="1" name="demo_project.windowhandle" time="9.721" errors="0" timestamp="2024-06-25T13:37:32 IST" skipped="0">
  <testcase classname="demo_project.windowhandle" name="test1" time="9.721"/>
  <system-out/>
</testsuite> <!-- demo_project.windowhandle -->
