<?xml version="1.0" encoding="UTF-8"?>
<!-- Generated by org.testng.reporters.JUnitReportReporter -->
<testsuite hostname="DESKTOP-J4SRGEC" failures="0" tests="1" name="evaluation.Orangehrmtesting" time="4.369" errors="0" timestamp="2024-06-29T12:07:44 IST" skipped="0">
  <testcase classname="evaluation.Orangehrmtesting" name="testmethod1" time="4.369"/>
  <system-out/>
</testsuite> <!-- evaluation.Orangehrmtesting -->
