<?xml version="1.0" encoding="UTF-8"?>
<!-- Generated by org.testng.reporters.JUnitReportReporter -->
<testsuite hostname="DESKTOP-J4SRGEC" failures="0" tests="1" name="demo_project.calendars" time="4.658" errors="0" timestamp="2024-06-28T12:27:52 IST" skipped="0">
  <testcase classname="demo_project.calendars" name="calenders" time="4.658"/>
  <system-out/>
</testsuite> <!-- demo_project.calendars -->
