<?xml version="1.0" encoding="UTF-8"?>
<!-- Generated by org.testng.reporters.JUnitReportReporter -->
<testsuite hostname="DESKTOP-J4SRGEC" failures="0" tests="3" name="demo_project.annotation_class" time="0.045" errors="0" timestamp="2024-06-24T11:46:43 IST" skipped="1">
  <testcase classname="demo_project.annotation_class" name="testmethod2" time="0.011"/>
  <system-out/>
  <testcase classname="demo_project.annotation_class" name="testmethod3" time="0.034"/>
  <system-out/>
  <testcase classname="demo_project.annotation_class" name="testmethod1">
    <skipped/>
  </testcase> <!-- testmethod1 -->
  <system-out/>
</testsuite> <!-- demo_project.annotation_class -->
