<?xml version="1.0" encoding="UTF-8"?>
<!-- Generated by org.testng.reporters.JUnitReportReporter -->
<testsuite hostname="DESKTOP-J4SRGEC" failures="0" tests="7" name="demo_project.Evaluation1" time="9.517" errors="0" timestamp="2024-06-22T13:03:16 IST" skipped="6">
  <testcase classname="demo_project.Evaluation1" name="dropdown" time="9.517"/>
  <system-out/>
  <testcase classname="demo_project.Evaluation1" name="checkbox">
    <skipped/>
  </testcase> <!-- checkbox -->
  <system-out/>
  <testcase classname="demo_project.Evaluation1" name="checkboxmultipl">
    <skipped/>
  </testcase> <!-- checkboxmultipl -->
  <system-out/>
  <testcase classname="demo_project.Evaluation1" name="radiomu">
    <skipped/>
  </testcase> <!-- radiomu -->
  <system-out/>
  <testcase classname="demo_project.Evaluation1" name="radio">
    <skipped/>
  </testcase> <!-- radio -->
  <system-out/>
  <testcase classname="demo_project.Evaluation1" name="button">
    <skipped/>
  </testcase> <!-- button -->
  <system-out/>
  <testcase classname="demo_project.Evaluation1" name="navigation">
    <skipped/>
  </testcase> <!-- navigation -->
  <system-out/>
</testsuite> <!-- demo_project.Evaluation1 -->
