<?xml version="1.0" encoding="UTF-8"?>
<!-- Generated by org.testng.reporters.JUnitReportReporter -->
<testsuite hostname="DESKTOP-J4SRGEC" failures="0" tests="1" name="demo_project.linkandtext" time="18.304" errors="0" timestamp="2024-06-27T12:36:31 IST" skipped="0">
  <testcase classname="demo_project.linkandtext" name="link" time="18.304"/>
  <system-out/>
</testsuite> <!-- demo_project.linkandtext -->
