<?xml version="1.0" encoding="UTF-8"?>
<!-- Generated by org.testng.reporters.JUnitReportReporter -->
<testsuite hostname="DESKTOP-J4SRGEC" failures="0" tests="1" name="demo_project.data_driven_testing" time="3.587" errors="0" timestamp="2024-06-27T13:04:50 IST" skipped="0">
  <testcase classname="demo_project.data_driven_testing" name="testmethod1" time="3.587"/>
  <system-out/>
</testsuite> <!-- demo_project.data_driven_testing -->
