<?xml version="1.0" encoding="UTF-8"?>
<!-- Generated by org.testng.reporters.JUnitReportReporter -->
<testsuite hostname="DESKTOP-J4SRGEC" failures="0" tests="1" name="demo_project.ORANGHRM" time="10.845" errors="0" timestamp="2024-06-24T17:25:38 IST" skipped="0">
  <testcase classname="demo_project.ORANGHRM" name="testmethod1" time="10.845"/>
  <system-out/>
</testsuite> <!-- demo_project.ORANGHRM -->
