<?xml version="1.0" encoding="UTF-8"?>
<!-- Generated by org.testng.reporters.JUnitReportReporter -->
<testsuite hostname="DESKTOP-J4SRGEC" failures="0" tests="2" name="demo_project.scrollupdown" time="6.605" errors="0" timestamp="2024-06-25T19:00:11 IST" skipped="0">
  <testcase classname="demo_project.scrollupdown" name="screenshoot" time="0.126"/>
  <system-out/>
  <testcase classname="demo_project.scrollupdown" name="scrolldownup" time="6.479"/>
  <system-out/>
</testsuite> <!-- demo_project.scrollupdown -->
