<?xml version="1.0" encoding="UTF-8"?>
<!-- Generated by org.testng.reporters.JUnitReportReporter -->
<testsuite hostname="DESKTOP-J4SRGEC" failures="0" tests="2" name="demo_project.parallel_testing" time="153.699" errors="0" timestamp="2024-06-28T17:07:20 IST" skipped="0">
  <testcase classname="demo_project.parallel_testing" name="test2" time="88.252"/>
  <system-out/>
  <testcase classname="demo_project.parallel_testing" name="test1" time="65.447"/>
  <system-out/>
</testsuite> <!-- demo_project.parallel_testing -->
